<?xml version="1.0" encoding="UTF-8"?>
<!-- Generated by org.testng.reporters.JUnitReportReporter -->
<testsuite hostname="TCS" failures="0" tests="2" name="com.sdetT.AppTest" time="0.046" errors="0" timestamp="2023-04-18T01:40:43 IST" skipped="0">
  <testcase classname="com.sdetT.AppTest" name="testLogin2" time="0.005"/>
  <system-out/>
  <testcase classname="com.sdetT.AppTest" name="testLogin1" time="0.041"/>
  <system-out/>
</testsuite> <!-- com.sdetT.AppTest -->
