<?xml version="1.0" encoding="UTF-8"?>
<!-- Generated by org.testng.reporters.JUnitReportReporter -->
<testsuite hostname="TCS" failures="0" tests="1" name="com.sdetT.TC_Login" time="28.857" errors="0" timestamp="2023-04-18T01:40:43 IST" skipped="0">
  <testcase classname="com.sdetT.TC_Login" name="login_Test" time="28.857"/>
  <system-out/>
</testsuite> <!-- com.sdetT.TC_Login -->
