<?xml version="1.0" encoding="UTF-8"?>
<!-- Generated by org.testng.reporters.JUnitReportReporter -->
<testsuite hostname="TCS" failures="0" tests="1" name="com.sdetT.TC_Login" time="28.484" errors="0" timestamp="28 May 2023 17:55:31 GMT" skipped="0">
  <testcase classname="com.sdetT.TC_Login" name="login_Test" time="28.484"/>
</testsuite> <!-- com.sdetT.TC_Login -->
